c:\users\mr\documents\visual studio 2015\projects\programming\spring\finalproject\finalproject\debug\vc140.pdb
c:\users\mr\documents\visual studio 2015\projects\programming\spring\finalproject\finalproject\debug\vc140.idb
c:\users\mr\documents\visual studio 2015\projects\programming\spring\finalproject\finalproject\debug\ingamefunctions.obj
c:\users\mr\documents\visual studio 2015\projects\programming\spring\finalproject\finalproject\debug\movement.obj
c:\users\mr\documents\visual studio 2015\projects\programming\spring\finalproject\finalproject\debug\main.obj
c:\users\mr\documents\visual studio 2015\projects\programming\spring\finalproject\finalproject\debug\game.obj
c:\users\mr\documents\visual studio 2015\projects\programming\spring\finalproject\finalproject\debug\gameclass.obj
c:\users\mr\documents\visual studio 2015\projects\programming\spring\finalproject\finalproject\debug\gamelogic.obj
c:\users\mr\documents\visual studio 2015\projects\programming\spring\finalproject\finalproject\debug\imghandling.obj
c:\users\mr\documents\visual studio 2015\projects\programming\spring\finalproject\finalproject\debug\extrafunctions.obj
c:\users\mr\documents\visual studio 2015\projects\programming\spring\finalproject\debug\finalproject.pdb
c:\users\mr\documents\visual studio 2015\projects\programming\spring\finalproject\finalproject\debug\finalproject.tlog\cl.command.1.tlog
c:\users\mr\documents\visual studio 2015\projects\programming\spring\finalproject\finalproject\debug\finalproject.tlog\cl.read.1.tlog
c:\users\mr\documents\visual studio 2015\projects\programming\spring\finalproject\finalproject\debug\finalproject.tlog\cl.write.1.tlog
c:\users\mr\documents\visual studio 2015\projects\programming\spring\finalproject\finalproject\debug\finalproject.tlog\link-cvtres.read.1.tlog
c:\users\mr\documents\visual studio 2015\projects\programming\spring\finalproject\finalproject\debug\finalproject.tlog\link-cvtres.write.1.tlog
c:\users\mr\documents\visual studio 2015\projects\programming\spring\finalproject\finalproject\debug\finalproject.tlog\link-rc.read.1.tlog
c:\users\mr\documents\visual studio 2015\projects\programming\spring\finalproject\finalproject\debug\finalproject.tlog\link-rc.write.1.tlog
c:\users\mr\documents\visual studio 2015\projects\programming\spring\finalproject\finalproject\debug\finalproject.tlog\link.14520-cvtres.read.1.tlog
c:\users\mr\documents\visual studio 2015\projects\programming\spring\finalproject\finalproject\debug\finalproject.tlog\link.14520-cvtres.write.1.tlog
c:\users\mr\documents\visual studio 2015\projects\programming\spring\finalproject\finalproject\debug\finalproject.tlog\link.14520-rc.read.1.tlog
c:\users\mr\documents\visual studio 2015\projects\programming\spring\finalproject\finalproject\debug\finalproject.tlog\link.14520-rc.write.1.tlog
c:\users\mr\documents\visual studio 2015\projects\programming\spring\finalproject\finalproject\debug\finalproject.tlog\link.14520.read.1.tlog
c:\users\mr\documents\visual studio 2015\projects\programming\spring\finalproject\finalproject\debug\finalproject.tlog\link.14520.write.1.tlog
c:\users\mr\documents\visual studio 2015\projects\programming\spring\finalproject\finalproject\debug\finalproject.tlog\link.command.1.tlog
c:\users\mr\documents\visual studio 2015\projects\programming\spring\finalproject\finalproject\debug\finalproject.tlog\link.read.1.tlog
c:\users\mr\documents\visual studio 2015\projects\programming\spring\finalproject\finalproject\debug\finalproject.tlog\link.write.1.tlog
